100.0
200.0
300.0
398.0
495.0
592.0
688.0
784.0
880.0
976.0
1071.0
1166.0
1261.0
1356.0
1451.0
1546.0
1639.0
1732.0
1824.0
1915.0
2006.0
2090.0
2163.0
2232.0
2293.5
2354.0
2402.5
2440.5
2468.0
2491.5
2514.0
2536.5
2559.0
2581.0
2602.5
2623.0
2643.5
2662.5
2681.0
2699.5
2717.5
2735.5
2753.0
2769.0
2785.0
2801.0
2816.5
2832.0
2847.0
2861.5
2875.5
2889.5
2903.0
2916.0
2928.5
2940.0
2951.5
2963.0
2974.5
2986.0
2996.0
3006.0
3016.0
3025.5
3034.5
3043.5
3052.5
3061.0
3069.5
3077.5
3085.0
3092.5
3099.5
3106.0
3112.5
3119.0
3125.0
3130.5
3136.0
3141.5
3146.5
3151.5
3156.5
3161.5
3165.0
3168.0
3170.5
3173.0
3175.5
3178.0
3180.0
3182.0
3184.0
3185.5
3187.0
3188.5
3189.5
3190.5
3191.5
3192.0
